<?xml version="1.0" encoding="UTF-8"?>
<!-- Generated by org.testng.reporters.JUnitReportReporter -->
<testsuite hostname="DESKTOP-4O5URTS" failures="0" tests="4" name="ewsPom.test.LoginTest" time="12.519" errors="0" timestamp="2024-08-21T12:50:17 IST" skipped="0">
  <testcase classname="ewsPom.test.LoginTest" name="logintest_ValidCredentials" time="3.964"/>
  <testcase classname="ewsPom.test.LoginTest" name="logintest_InValidUserID" time="3.262"/>
  <testcase classname="ewsPom.test.LoginTest" name="logintest_InValidPassword" time="2.680"/>
  <testcase classname="ewsPom.test.LoginTest" name="logintest_InValidCredentials" time="2.613"/>
</testsuite> <!-- ewsPom.test.LoginTest -->
